C51 COMPILER V9.56.0.0   DELAY                                                             01/04/2018 16:57:28 PAGE 1   


C51 COMPILER V9.56.0.0, COMPILATION OF MODULE DELAY
OBJECT MODULE PLACED IN .\Output\Delay.obj
COMPILER INVOKED BY: C:\Keil_v5\C51\BIN\C51.EXE Common\Delay.c OPTIMIZE(8,SPEED) BROWSE INCDIR(..\Include;.\Include) DEF
                    -INE(FOSC_160000) DEBUG OBJECTEXTEND PRINT(.\LST\Delay.lst) TABS(2) OBJECT(.\Output\Delay.obj)

line level    source

   1          /*--------------------------------------------------------------------------------------------------------
             --*/
   2          /*                                                                                                        
             - */
   3          /* Copyright(c) 2016 Nuvoton Technology Corp. All rights reserved.                                        
             - */
   4          /*                                                                                                        
             - */
   5          /*--------------------------------------------------------------------------------------------------------
             --*/
   6          
   7          //********************************************************************************************************
             -***
   8          //  Nuvoton Technoledge Corp. 
   9          //  Website: http://www.nuvoton.com
  10          //  E-Mail : MicroC-8bit@nuvoton.com
  11          //  Date   : Apr/21/2016
  12          //********************************************************************************************************
             -***
  13          
  14          #include "N76E003.h"
  15          #include "Common.h"
  16          #include "Delay.h"
  17          #include "SFR_Macro.h"
  18          #include "Function_define.h"
  19          bit BIT_TMP;
  20          
  21          //-------------------------------------------------------------------------
  22          void __delay_10ms( UINT16 u16CNT )    //@16MHz
  23          {
  24   1          UINT16 j;
  25   1          while(u16CNT != 0)
  26   1          {
  27   2              for(j=0;j<14420;j++);
  28   2              u16CNT --;
  29   2          }
  30   1      }
  31          //-------------------------------------------------------------------------
  32          //void Timer0_Delay100us(UINT32 u32CNT)
  33          //{
  34          //    clr_T0M;                                    //T0M=0, Timer0 Clock = Fsys/12
  35          //    TMOD |= 0x01;                               //Timer0 is 16-bit mode
  36          //    set_TR0;                                    //Start Timer0
  37          //    while (u32CNT != 0)
  38          //    {
  39          //        TL0 = LOBYTE(TIMER_DIV12_VALUE_100us);  //Find  define in "Function_define.h" "TIMER VALUE"
  40          //        TH0 = HIBYTE(TIMER_DIV12_VALUE_100us);
  41          //        while (TF0 != 1);                       //Check Timer0 Time-Out Flag
  42          //        clr_TF0;
  43          //        u32CNT --;
  44          //    }
  45          //    clr_TR0;                                    //Stop Timer0
  46          //}
  47          ////------------------------------------------------------------------------------
C51 COMPILER V9.56.0.0   DELAY                                                             01/04/2018 16:57:28 PAGE 2   

  48          //void Timer0_Delay1ms(UINT32 u32CNT)
  49          //{
  50          //    clr_T0M;                                    //T0M=0, Timer0 Clock = Fsys/12
  51          //    TMOD |= 0x01;                               //Timer0 is 16-bit mode
  52          //    set_TR0;                                    //Start Timer0
  53          //    while (u32CNT != 0)
  54          //    {
  55          //        TL0 = LOBYTE(TIMER_DIV12_VALUE_1ms);    //Find  define in "Function_define.h" "TIMER VALUE"
  56          //        TH0 = HIBYTE(TIMER_DIV12_VALUE_1ms);
  57          //        while (TF0 != 1);                       //Check Timer0 Time-Out Flag
  58          //        clr_TF0;
  59          //        u32CNT --;
  60          //    }
  61          //    clr_TR0;                                    //Stop Timer0
  62          //}
  63          //------------------------------------------------------------------------------
  64          void Timer1_Delay1ms(UINT32 u32CNT)
  65          {
  66   1          clr_T1M;                                //T1M=0, Timer1 Clock = Fsys/12
  67   1          TMOD |= 0x10;                           //Timer1 is 16-bit mode
  68   1          set_TR1;                                //Trigger Timer1
  69   1          while (u32CNT != 0)
  70   1          {
  71   2              TL1 = LOBYTE(TIMER_DIV12_VALUE_1ms); 
  72   2              TH1 = HIBYTE(TIMER_DIV12_VALUE_1ms);
  73   2              while (TF1 != 1);                   //Check Timer1 Time-Out Flag
  74   2              clr_TF1;
  75   2              u32CNT --;
  76   2          }
  77   1          clr_TR1;                                //Stop the Timer1
  78   1      }
  79          //------------------------------------------------------------------------------
  80          void Timer1_Delay10ms(UINT32 u32CNT)
  81          {
  82   1          clr_T1M;                                    //T1M=0, Timer1 Clock = Fsys/12
  83   1          TMOD |= 0x10;                               //Timer1 is 16-bit mode
  84   1          set_TR1;                                    //Start Timer1
  85   1          while (u32CNT != 0)
  86   1          {
  87   2              TL1 = LOBYTE(TIMER_DIV12_VALUE_10ms);   //Find  define in "Function_define.h" "TIMER VALUE"
  88   2              TH1 = HIBYTE(TIMER_DIV12_VALUE_10ms);
  89   2              while (TF1 != 1);                       //Check Timer1 Time-Out Flag
  90   2              clr_TF1;
  91   2              u32CNT --;
  92   2          }
  93   1          clr_TR1;                                    //Stop Timer1
  94   1      }
  95          //------------------------------------------------------------------------------
  96          void Timer2_Delay500us(UINT32 u32CNT)
  97          {
  98   1          clr_T2DIV2;                                 //Timer2 Clock = Fsys/4 
  99   1          clr_T2DIV1;
 100   1          set_T2DIV0;
 101   1          set_TR2;                                    //Start Timer2
 102   1          while (u32CNT != 0)
 103   1          {
 104   2              TL2 = LOBYTE(TIMER_DIV4_VALUE_500us);   //Find  define in "Function_define.h" "TIMER VALUE"
 105   2              TH2 = HIBYTE(TIMER_DIV4_VALUE_500us);
 106   2              while (TF2 != 1);                       //Check Timer2 Time-Out Flag
 107   2              clr_TF2;
 108   2              u32CNT --;
 109   2          }
C51 COMPILER V9.56.0.0   DELAY                                                             01/04/2018 16:57:28 PAGE 3   

 110   1          clr_TR2;                                    //Stop Timer2
 111   1      }
 112          //------------------------------------------------------------------------------
 113          void Timer3_Delay100ms(UINT32 u32CNT)
 114          {
 115   1          T3CON = 0x07;                               //Timer3 Clock = Fsys/128
 116   1          set_TR3;                                    //Trigger Timer3
 117   1          while (u32CNT != 0)
 118   1          {
 119   2              RL3 = LOBYTE(TIMER_DIV128_VALUE_100ms); //Find  define in "Function_define.h" "TIMER VALUE"
 120   2              RH3 = HIBYTE(TIMER_DIV128_VALUE_100ms);
 121   2              while ((T3CON&SET_BIT4) != SET_BIT4);   //Check Timer3 Time-Out Flag
 122   2              clr_TF3;
 123   2              u32CNT --;
 124   2          }
 125   1          clr_TR3;                                    //Stop Timer3
 126   1      }
 127          //------------------------------------------------------------------------------
 128          void Timer3_Delay10us(UINT32 u32CNT)
 129          {
 130   1          T3CON = 0x07;                               //Timer3 Clock = Fsys/128
 131   1          set_TR3;                                    //Trigger Timer3
 132   1          while (u32CNT != 0)
 133   1          {
 134   2              RL3 = LOBYTE(TIMER_DIV4_VALUE_10us); //Find  define in "Function_define.h" "TIMER VALUE"
 135   2              RH3 = HIBYTE(TIMER_DIV4_VALUE_10us);
 136   2              while ((T3CON&SET_BIT4) != SET_BIT4);   //Check Timer3 Time-Out Flag
 137   2              clr_TF3;
 138   2              u32CNT --;
 139   2          }
 140   1          clr_TR3;                                    //Stop Timer3
 141   1      }


MODULE INFORMATION:   STATIC OVERLAYABLE
   CODE SIZE        =    408    ----
   CONSTANT SIZE    =   ----    ----
   XDATA SIZE       =   ----    ----
   PDATA SIZE       =   ----    ----
   DATA SIZE        =   ----      20
   IDATA SIZE       =   ----    ----
   BIT SIZE         =      1    ----
END OF MODULE INFORMATION.


C51 COMPILATION COMPLETE.  0 WARNING(S),  0 ERROR(S)
